Crashlog created at 2022-07-11 12:13:38 +0200

===== MESSAGE:

RuntimeError: Reference 'sparnatual-video' does not exist.

===== ITEM BEING COMPILED:

Current item: /index.md.erb (:default representation)

===== STACK TRACE:

  0. /var/lib/gems/2.7.0/gems/bibmarkdown-2.0.0/lib/bibmarkdown/document.rb:52:in `find_entry'
  1. /var/lib/gems/2.7.0/gems/bibmarkdown-2.0.0/lib/bibmarkdown/document.rb:60:in `create_reference'
  2. /var/lib/gems/2.7.0/gems/bibmarkdown-2.0.0/lib/bibmarkdown/document.rb:21:in `block (2 levels) in to_markdown'
  3. /var/lib/gems/2.7.0/gems/bibmarkdown-2.0.0/lib/bibmarkdown/document.rb:21:in `map'
  4. /var/lib/gems/2.7.0/gems/bibmarkdown-2.0.0/lib/bibmarkdown/document.rb:21:in `block in to_markdown'
  5. /var/lib/gems/2.7.0/gems/bibmarkdown-2.0.0/lib/bibmarkdown/document.rb:17:in `gsub'
  6. /var/lib/gems/2.7.0/gems/bibmarkdown-2.0.0/lib/bibmarkdown/document.rb:17:in `to_markdown'
  7. /var/lib/gems/2.7.0/gems/scholarmarkdown-2.10.1/lib/scholarmarkdown/filter/citation.rb:17:in `block in <top (required)>'
  8. /var/lib/gems/2.7.0/gems/nanoc-core-4.12.7/lib/nanoc/core/filter.rb:68:in `instance_exec'
  9. /var/lib/gems/2.7.0/gems/nanoc-core-4.12.7/lib/nanoc/core/filter.rb:68:in `block in define'
  10. /var/lib/gems/2.7.0/gems/nanoc-core-4.12.7/lib/nanoc/core/filter.rb:188:in `setup_and_run'
  11. /var/lib/gems/2.7.0/gems/nanoc-core-4.12.7/lib/nanoc/core/executor.rb:22:in `filter'
  12. /var/lib/gems/2.7.0/gems/nanoc-core-4.12.7/lib/nanoc/core/compilation_phases/recalculate.rb:32:in `block in run'
  13. /var/lib/gems/2.7.0/gems/nanoc-core-4.12.7/lib/nanoc/core/action_sequence.rb:50:in `each'
  14. /var/lib/gems/2.7.0/gems/nanoc-core-4.12.7/lib/nanoc/core/action_sequence.rb:50:in `each'
  15. /var/lib/gems/2.7.0/gems/nanoc-core-4.12.7/lib/nanoc/core/compilation_phases/recalculate.rb:29:in `run'
  16. /var/lib/gems/2.7.0/gems/nanoc-core-4.12.7/lib/nanoc/core/compilation_phases/abstract.rb:23:in `call'
  17. /var/lib/gems/2.7.0/gems/nanoc-core-4.12.7/lib/nanoc/core/compilation_phases/abstract.rb:25:in `block in call'
  18. /var/lib/gems/2.7.0/gems/nanoc-core-4.12.7/lib/nanoc/core/compilation_phases/cache.rb:28:in `run'
  19. /var/lib/gems/2.7.0/gems/nanoc-core-4.12.7/lib/nanoc/core/compilation_phases/abstract.rb:23:in `call'
  20. /var/lib/gems/2.7.0/gems/nanoc-core-4.12.7/lib/nanoc/core/compilation_phases/abstract.rb:25:in `block in call'

===== VERSION INFORMATION:

Nanoc 4.12.7 © 2007–2022 Denis Defreyne.
Running ruby 2.7.0 (2019-12-25) on x86_64-linux-gnu with RubyGems 3.1.2.

===== SYSTEM INFORMATION:

Linux ThinkPad-Thomas 5.13.0-52-generic #59~20.04.1-Ubuntu SMP Thu Jun 16 21:21:28 UTC 2022 x86_64 x86_64 x86_64 GNU/Linux

===== INSTALLED GEMS:

  addressable 2.8.0
  bibmarkdown 2.0.0
  bibtex-ruby 6.0.0
  bundler 2.1.4
  citeproc 1.0.10
  citeproc-ruby 2.0.0
  coderay 1.1.3
  colored 1.2
  concurrent-ruby 1.1.10
  cri 2.15.11
  csl 2.0.0
  csl-styles 2.0.1
  ddmetrics 1.0.1
  ddplugin 1.0.3
  diff-lcs 1.5.0
  em-websocket 0.5.3
  eventmachine 1.2.7
  execjs 2.8.1
  ffi 1.15.5
  formatador 1.1.0
  guard 2.18.0
  guard-compat 1.2.1
  guard-livereload 2.5.2
  guard-nanoc 2.1.9
  guard-rack 2.2.1
  hamster 3.0.0
  http_parser.rb 0.8.0
  i18n 1.0.1
  json 2.6.2
  json_schema 0.21.0
  katex 0.9.0
  kramdown 2.4.0
  kramdown-math-sskatex 1.0.0
  latex-decode 0.3.2
  libv8 3.16.14.19
  listen 3.7.1
  lumberjack 1.2.8
  memo_wise 1.7.0
  method_source 1.0.0
  mini_portile2 2.8.0
  multi_json 1.15.0
  namae 1.1.1
  nanoc 4.12.7
  nanoc-checking 1.0.2
  nanoc-cli 4.12.7
  nanoc-core 4.12.7
  nanoc-deploying 1.0.2
  nenv 0.3.0
  nio4r 2.5.8
  nokogiri 1.13.6
  notiffany 0.1.3
  parallel 1.22.1
  pastel 0.8.0
  pry 0.14.1
  psych 4.0.4
  public_suffix 4.0.7
  puma 5.6.4
  racc 1.6.0
  rack 2.2.4
  rack-livereload 0.3.17
  rb-fsevent 0.11.1
  rb-inotify 0.10.1
  rb-readline 0.5.5
  ref 2.0.0
  rexml 3.2.5
  rubypants 0.7.1
  sass 3.7.4
  sass-listen 4.0.0
  scholarmarkdown 2.10.1
  shellany 0.0.1
  slow_enumerator_tools 1.1.0
  spoon 0.0.6
  sskatex 0.9.39
  stringio 3.0.2
  therubyracer 0.12.3
  thor 1.2.1
  tty-color 0.6.0
  tty-command 0.10.1
  tty-platform 0.3.0
  tty-which 0.5.0
  unicode_utils 1.4.0
  w3c_validators 1.3.7
  zeitwerk 2.6.0

===== GEMFILE.LOCK:

GEM
  remote: https://rubygems.org/
  specs:
    addressable (2.8.0)
      public_suffix (>= 2.0.2, < 5.0)
    bibmarkdown (2.0.0)
      citeproc-ruby
      csl-styles
    bibtex-ruby (6.0.0)
      latex-decode (~> 0.0)
    citeproc (1.0.10)
      namae (~> 1.0)
    citeproc-ruby (2.0.0)
      citeproc (~> 1.0, >= 1.0.9)
      csl (~> 2.0)
    coderay (1.1.3)
    colored (1.2)
    concurrent-ruby (1.1.10)
    cri (2.15.11)
    csl (2.0.0)
      namae (~> 1.0)
      rexml
    csl-styles (2.0.1)
      csl (~> 2.0)
    ddmetrics (1.0.1)
    ddplugin (1.0.3)
    diff-lcs (1.5.0)
    em-websocket (0.5.3)
      eventmachine (>= 0.12.9)
      http_parser.rb (~> 0)
    eventmachine (1.2.7)
    execjs (2.8.1)
    ffi (1.15.5)
    formatador (1.1.0)
    guard (2.18.0)
      formatador (>= 0.2.4)
      listen (>= 2.7, < 4.0)
      lumberjack (>= 1.0.12, < 2.0)
      nenv (~> 0.1)
      notiffany (~> 0.0)
      pry (>= 0.13.0)
      shellany (~> 0.0)
      thor (>= 0.18.1)
    guard-compat (1.2.1)
    guard-livereload (2.5.2)
      em-websocket (~> 0.5)
      guard (~> 2.8)
      guard-compat (~> 1.0)
      multi_json (~> 1.8)
    guard-nanoc (2.1.9)
      guard (~> 2.8)
      guard-compat (~> 1.0)
      nanoc-cli (~> 4.11, >= 4.11.14)
      nanoc-core (~> 4.11, >= 4.11.14)
    guard-rack (2.2.1)
      ffi
      guard (~> 2.3)
      spoon
    hamster (3.0.0)
      concurrent-ruby (~> 1.0)
    http_parser.rb (0.8.0)
    i18n (1.0.1)
      concurrent-ruby (~> 1.0)
    json (2.6.2)
    json_schema (0.21.0)
    katex (0.9.0)
      execjs (~> 2.7)
    kramdown (2.4.0)
      rexml
    kramdown-math-sskatex (1.0.0)
      kramdown (~> 2.0)
      sskatex (>= 0.9.37)
    latex-decode (0.3.2)
    libv8 (3.16.14.19)
    listen (3.7.1)
      rb-fsevent (~> 0.10, >= 0.10.3)
      rb-inotify (~> 0.9, >= 0.9.10)
    lumberjack (1.2.8)
    memo_wise (1.7.0)
    method_source (1.0.0)
    mini_portile2 (2.8.0)
    multi_json (1.15.0)
    namae (1.1.1)
    nanoc (4.12.7)
      addressable (~> 2.5)
      colored (~> 1.2)
      nanoc-checking (~> 1.0, >= 1.0.2)
      nanoc-cli (= 4.12.7)
      nanoc-core (= 4.12.7)
      nanoc-deploying (~> 1.0)
      parallel (~> 1.12)
      tty-command (~> 0.8)
      tty-which (~> 0.4)
    nanoc-checking (1.0.2)
      nanoc-cli (~> 4.12, >= 4.12.4)
      nanoc-core (~> 4.12, >= 4.12.4)
    nanoc-cli (4.12.7)
      cri (~> 2.15)
      diff-lcs (~> 1.3)
      nanoc-core (= 4.12.7)
      zeitwerk (~> 2.1)
    nanoc-core (4.12.7)
      concurrent-ruby (~> 1.1)
      ddmetrics (~> 1.0)
      ddplugin (~> 1.0)
      hamster (~> 3.0)
      json_schema (~> 0.19)
      memo_wise (~> 1.5)
      psych (~> 4.0)
      slow_enumerator_tools (~> 1.0)
      tty-platform (~> 0.2)
      zeitwerk (~> 2.1)
    nanoc-deploying (1.0.2)
      nanoc-checking (~> 1.0)
      nanoc-cli (~> 4.11, >= 4.11.15)
      nanoc-core (~> 4.11, >= 4.11.15)
    nenv (0.3.0)
    nio4r (2.5.8)
    nokogiri (1.13.6)
      mini_portile2 (~> 2.8.0)
      racc (~> 1.4)
    notiffany (0.1.3)
      nenv (~> 0.1)
      shellany (~> 0.0)
    parallel (1.22.1)
    pastel (0.8.0)
      tty-color (~> 0.5)
    pry (0.14.1)
      coderay (~> 1.1)
      method_source (~> 1.0)
    psych (4.0.4)
      stringio
    public_suffix (4.0.7)
    puma (5.6.4)
      nio4r (~> 2.0)
    racc (1.6.0)
    rack (2.2.4)
    rack-livereload (0.3.17)
      rack
    rb-fsevent (0.11.1)
    rb-inotify (0.10.1)
      ffi (~> 1.0)
    rb-readline (0.5.5)
    ref (2.0.0)
    rexml (3.2.5)
    rubypants (0.7.1)
    sass (3.7.4)
      sass-listen (~> 4.0.0)
    sass-listen (4.0.0)
      rb-fsevent (~> 0.9, >= 0.9.4)
      rb-inotify (~> 0.9, >= 0.9.7)
    scholarmarkdown (2.10.1)
      bibmarkdown (~> 2.0.0)
      bibtex-ruby
      citeproc-ruby (>= 1.1.6)
      csl-styles
      execjs
      i18n
      katex
      kramdown-math-sskatex
      latex-decode
      puma
      sskatex
      therubyracer
    shellany (0.0.1)
    slow_enumerator_tools (1.1.0)
    spoon (0.0.6)
      ffi
    sskatex (0.9.39)
      execjs (~> 2.7)
    stringio (3.0.2)
    therubyracer (0.12.3)
      libv8 (~> 3.16.14.15)
      ref
    thor (1.2.1)
    tty-color (0.6.0)
    tty-command (0.10.1)
      pastel (~> 0.8)
    tty-platform (0.3.0)
    tty-which (0.5.0)
    unicode_utils (1.4.0)
    w3c_validators (1.3.7)
      json (>= 1.8)
      nokogiri (~> 1.6)
      rexml (~> 3.2)
    zeitwerk (2.6.0)

PLATFORMS
  ruby

DEPENDENCIES
  citeproc-ruby (>= 1.1.6)
  csl-styles
  guard-livereload
  guard-nanoc (~> 2.1.2)
  guard-rack
  i18n (< 1.1)
  kramdown
  latex-decode
  nanoc (~> 4.7)
  rack
  rack-livereload
  rb-readline
  rubypants
  sass
  scholarmarkdown
  unicode_utils
  w3c_validators (~> 1.3.1)

BUNDLED WITH
   2.1.4

===== LOAD PATHS:

  0. /var/lib/gems/2.7.0/gems/http_parser.rb-0.8.0/lib
  1. /var/lib/gems/2.7.0/gems/em-websocket-0.5.3/lib/../lib
  2. /usr/share/rubygems-integration/all/gems/bundler-2.1.4/lib
  3. /var/lib/gems/2.7.0/gems/w3c_validators-1.3.7/lib
  4. /var/lib/gems/2.7.0/gems/unicode_utils-1.4.0/lib
  5. /var/lib/gems/2.7.0/gems/scholarmarkdown-2.10.1/lib
  6. /var/lib/gems/2.7.0/gems/therubyracer-0.12.3/lib
  7. /var/lib/gems/2.7.0/gems/therubyracer-0.12.3/ext
  8. /var/lib/gems/2.7.0/extensions/x86_64-linux/2.7.0/therubyracer-0.12.3
  9. /var/lib/gems/2.7.0/gems/sass-3.7.4/lib
  10. /var/lib/gems/2.7.0/gems/sass-listen-4.0.0/lib
  11. /var/lib/gems/2.7.0/gems/rubypants-0.7.1/lib
  12. /var/lib/gems/2.7.0/gems/ref-2.0.0/lib
  13. /var/lib/gems/2.7.0/gems/rb-readline-0.5.5/lib
  14. /var/lib/gems/2.7.0/gems/rack-livereload-0.3.17/lib
  15. /var/lib/gems/2.7.0/gems/rack-2.2.4/lib
  16. /var/lib/gems/2.7.0/gems/puma-5.6.4/lib
  17. /var/lib/gems/2.7.0/extensions/x86_64-linux/2.7.0/puma-5.6.4
  18. /var/lib/gems/2.7.0/gems/nokogiri-1.13.6-x86_64-linux/lib
  19. /var/lib/gems/2.7.0/gems/racc-1.6.0/lib
  20. /var/lib/gems/2.7.0/extensions/x86_64-linux/2.7.0/racc-1.6.0
  21. /var/lib/gems/2.7.0/gems/nio4r-2.5.8/lib
  22. /var/lib/gems/2.7.0/extensions/x86_64-linux/2.7.0/nio4r-2.5.8
  23. /var/lib/gems/2.7.0/gems/nanoc-4.12.7/lib
  24. /var/lib/gems/2.7.0/gems/tty-which-0.5.0/lib
  25. /var/lib/gems/2.7.0/gems/tty-command-0.10.1/lib
  26. /var/lib/gems/2.7.0/gems/pastel-0.8.0/lib
  27. /var/lib/gems/2.7.0/gems/tty-color-0.6.0/lib
  28. /var/lib/gems/2.7.0/gems/parallel-1.22.1/lib
  29. /var/lib/gems/2.7.0/gems/nanoc-deploying-1.0.2/lib
  30. /var/lib/gems/2.7.0/gems/nanoc-checking-1.0.2/lib
  31. /var/lib/gems/2.7.0/gems/mini_portile2-2.8.0/lib
  32. /var/lib/gems/2.7.0/gems/libv8-3.16.14.19-x86_64-linux/lib
  33. /var/lib/gems/2.7.0/gems/libv8-3.16.14.19-x86_64-linux/ext
  34. /var/lib/gems/2.7.0/gems/kramdown-math-sskatex-1.0.0/lib
  35. /var/lib/gems/2.7.0/gems/sskatex-0.9.39/lib
  36. /var/lib/gems/2.7.0/gems/kramdown-2.4.0/lib
  37. /var/lib/gems/2.7.0/gems/katex-0.9.0/lib
  38. /var/lib/gems/2.7.0/gems/json-2.6.2/lib
  39. /var/lib/gems/2.7.0/extensions/x86_64-linux/2.7.0/json-2.6.2
  40. /var/lib/gems/2.7.0/gems/i18n-1.0.1/lib
  41. /var/lib/gems/2.7.0/gems/guard-rack-2.2.1/lib
  42. /var/lib/gems/2.7.0/gems/spoon-0.0.6/lib
  43. /var/lib/gems/2.7.0/gems/guard-nanoc-2.1.9/lib
  44. /var/lib/gems/2.7.0/gems/nanoc-cli-4.12.7/lib
  45. /var/lib/gems/2.7.0/gems/nanoc-core-4.12.7/lib
  46. /var/lib/gems/2.7.0/gems/zeitwerk-2.6.0/lib
  47. /var/lib/gems/2.7.0/gems/tty-platform-0.3.0/lib
  48. /var/lib/gems/2.7.0/gems/slow_enumerator_tools-1.1.0/lib
  49. /var/lib/gems/2.7.0/gems/psych-4.0.4/lib
  50. /var/lib/gems/2.7.0/extensions/x86_64-linux/2.7.0/psych-4.0.4
  51. /var/lib/gems/2.7.0/gems/stringio-3.0.2/lib
  52. /var/lib/gems/2.7.0/extensions/x86_64-linux/2.7.0/stringio-3.0.2
  53. /var/lib/gems/2.7.0/gems/memo_wise-1.7.0/lib
  54. /var/lib/gems/2.7.0/gems/json_schema-0.21.0/lib
  55. /var/lib/gems/2.7.0/gems/hamster-3.0.0/lib
  56. /var/lib/gems/2.7.0/gems/guard-livereload-2.5.2/lib
  57. /var/lib/gems/2.7.0/gems/multi_json-1.15.0/lib
  58. /var/lib/gems/2.7.0/gems/guard-compat-1.2.1/lib
  59. /var/lib/gems/2.7.0/gems/guard-2.18.0/lib
  60. /var/lib/gems/2.7.0/gems/thor-1.2.1/lib
  61. /var/lib/gems/2.7.0/gems/pry-0.14.1/lib
  62. /var/lib/gems/2.7.0/gems/method_source-1.0.0/lib
  63. /var/lib/gems/2.7.0/gems/notiffany-0.1.3/lib
  64. /var/lib/gems/2.7.0/gems/shellany-0.0.1/lib
  65. /var/lib/gems/2.7.0/gems/nenv-0.3.0/lib
  66. /var/lib/gems/2.7.0/gems/lumberjack-1.2.8/lib
  67. /var/lib/gems/2.7.0/gems/listen-3.7.1/lib
  68. /var/lib/gems/2.7.0/gems/rb-inotify-0.10.1/lib
  69. /var/lib/gems/2.7.0/gems/rb-fsevent-0.11.1/lib
  70. /var/lib/gems/2.7.0/gems/formatador-1.1.0/lib
  71. /var/lib/gems/2.7.0/gems/ffi-1.15.5/lib
  72. /var/lib/gems/2.7.0/extensions/x86_64-linux/2.7.0/ffi-1.15.5
  73. /var/lib/gems/2.7.0/gems/execjs-2.8.1/lib
  74. /var/lib/gems/2.7.0/gems/em-websocket-0.5.3/lib
  75. /var/lib/gems/2.7.0/gems/http_parser.rb-0.8.0/lib
  76. /var/lib/gems/2.7.0/extensions/x86_64-linux/2.7.0/http_parser.rb-0.8.0
  77. /var/lib/gems/2.7.0/gems/eventmachine-1.2.7/lib
  78. /var/lib/gems/2.7.0/extensions/x86_64-linux/2.7.0/eventmachine-1.2.7
  79. /var/lib/gems/2.7.0/gems/diff-lcs-1.5.0/lib
  80. /var/lib/gems/2.7.0/gems/ddplugin-1.0.3/lib
  81. /var/lib/gems/2.7.0/gems/ddmetrics-1.0.1/lib
  82. /var/lib/gems/2.7.0/gems/cri-2.15.11/lib
  83. /var/lib/gems/2.7.0/gems/concurrent-ruby-1.1.10/lib/concurrent-ruby
  84. /var/lib/gems/2.7.0/gems/colored-1.2/lib
  85. /var/lib/gems/2.7.0/gems/coderay-1.1.3/lib
  86. /var/lib/gems/2.7.0/gems/bibtex-ruby-6.0.0/lib
  87. /var/lib/gems/2.7.0/gems/latex-decode-0.3.2/lib
  88. /var/lib/gems/2.7.0/gems/bibmarkdown-2.0.0/lib
  89. /var/lib/gems/2.7.0/gems/csl-styles-2.0.1/lib
  90. /var/lib/gems/2.7.0/gems/citeproc-ruby-2.0.0/lib
  91. /var/lib/gems/2.7.0/gems/csl-2.0.0/lib
  92. /var/lib/gems/2.7.0/gems/rexml-3.2.5/lib
  93. /var/lib/gems/2.7.0/gems/citeproc-1.0.10/lib
  94. /var/lib/gems/2.7.0/gems/namae-1.1.1/lib
  95. /var/lib/gems/2.7.0/gems/addressable-2.8.0/lib
  96. /var/lib/gems/2.7.0/gems/public_suffix-4.0.7/lib
  97. /usr/local/lib/site_ruby/2.7.0
  98. /usr/local/lib/x86_64-linux-gnu/site_ruby
  99. /usr/local/lib/site_ruby
  100. /usr/lib/ruby/vendor_ruby/2.7.0
  101. /usr/lib/x86_64-linux-gnu/ruby/vendor_ruby/2.7.0
  102. /usr/lib/ruby/vendor_ruby
  103. /usr/lib/ruby/2.7.0
  104. /usr/lib/x86_64-linux-gnu/ruby/2.7.0
